main:9171
delete from board_data where month !=5 and id > 0
BThread:9184debug:2612,BTH working
Bconnect:9185
debug:1661,Bconn working
Bdata:9186
debug:1512,Bconn working
AThread:9183
debug:2149,ATH working
Agraph:9188
Adata:9187
debug:458,Adata start
debug:461,Adata working
debug:2157,
debug:2176,
yaoxuetao's raspi
debug:2225,
raspi
debug:2280,yaoxuetao's raspi
stackV lock
debug:2290,
stackV unlock
debug:2298,
debug:2301,
debug:2391,let me know
debug:2398,let me know
debug:2421,yaoxuetao's raspi
yaoxuetao's raspi
debug:2426,
debug:2428,
debug:2430,
debug:2432,
debug:2434,
debug:2436,
debug:2438,
debug:2440,
debug:2504,before add element
debug:2521,after add element
debug:2522,before create dir
debug:2523,after create workdir
debug:2149,ATH working
debug:/home/yaoxuetao/yaoxuetao's raspi/photos
debug:904,in Agraph
debug:926,in Agraph
ticktock:9189
debug:1440,
tick debug:debug:1445,yaoxuetao's raspi
debug:fd_tick:17
debug:1447,before tick recv
debug:1492,yaoxuetao's raspi still in connection

debug:1495,after tick recv
debug:1440,
tick debug:debug:1445,yaoxuetao's raspi
debug:fd_tick:17
debug:1447,before tick recv
debug:975,
debug:1017,
debug:24,/home/yaoxuetao/yaoxuetao's raspi/data.xml
debug:26,
/home/yaoxuetao/yaoxuetao's raspi/photos/Sun May 15 10:32:16 2022
debug:29,
debug:31,
debug:1097,
debug:/home/yaoxuetao/yaoxuetao's raspi/photos
debug:904,in Agraph
debug:926,in Agraph
debug:975,
debug:1017,
debug:24,/home/yaoxuetao/yaoxuetao's raspi/data.xml
debug:26,
/home/yaoxuetao/yaoxuetao's raspi/photos/Sun May 15 10:32:21 2022
