

<message_buffer>

in line 2256yaoxuetao's stm32f103

<\message_buffer>



<accept port>

in line 2456graph=(yaoxuetao's stm32f103,18538)

<\accept port>



<accept port>

in line 2487tick=(yaoxuetao's stm32f103,35537)

<\accept port>



<message_buffer>

in line 2256yaoxuetao's raspi

<\message_buffer>



<accept port>

in line 2407data=(yaoxuetao's raspi,49706)

<\accept port>



<accept port>

in line 2456graph=(yaoxuetao's raspi,48170)

<\accept port>



<accept port>

in line 2487tick=(yaoxuetao's raspi,47428)

<\accept port>



<message_buffer>

in line 2256yaoxuetao's stm32f103

<\message_buffer>



<AThread select graph==0>

in line 2433errno=0,Success

<\AThread select graph==0>



<message_buffer>

in line 2256yaoxuetao's stm32f103

<\message_buffer>



<accept port>

in line 2456graph=(yaoxuetao's stm32f103,22863)

<\accept port>



<accept port>

in line 2487tick=(yaoxuetao's stm32f103,47974)

<\accept port>



<message_buffer>

in line 2256yaoxuetao's raspi

<\message_buffer>



<accept port>

in line 2407data=(yaoxuetao's raspi,49876)

<\accept port>



<accept port>

in line 2456graph=(yaoxuetao's raspi,48340)

<\accept port>



<accept port>

in line 2487tick=(yaoxuetao's raspi,47598)

<\accept port>



<message_buffer>

in line 2256yaoxuetao's stm32f103

<\message_buffer>



<accept port>

in line 2456graph=(yaoxuetao's stm32f103,4680)

<\accept port>



<accept port>

in line 2487tick=(yaoxuetao's stm32f103,41245)

<\accept port>



<message_buffer>

in line 2256yaoxuetao's raspi

<\message_buffer>



<accept port>

in line 2407data=(yaoxuetao's raspi,49888)

<\accept port>



<accept port>

in line 2456graph=(yaoxuetao's raspi,48352)

<\accept port>



<accept port>

in line 2487tick=(yaoxuetao's raspi,47610)

<\accept port>



<message_buffer>

in line 2256yaoxuetao's stm32f103

<\message_buffer>



<AThread select graph==0>

in line 2433errno=0,Success

<\AThread select graph==0>



<message_buffer>

in line 2256yaoxuetao's raspi

<\message_buffer>



<accept port>

in line 2407data=(yaoxuetao's raspi,49908)

<\accept port>



<accept port>

in line 2456graph=(yaoxuetao's raspi,48372)

<\accept port>



<accept port>

in line 2487tick=(yaoxuetao's raspi,47630)

<\accept port>



<message_buffer>

in line 2256yaoxuetao's stm32f103

<\message_buffer>



<accept port>

in line 2456graph=(yaoxuetao's stm32f103,39354)

<\accept port>



<accept port>

in line 2487tick=(yaoxuetao's stm32f103,16879)

<\accept port>



<message_buffer>

in line 2256yaoxuetao's stm32f103

<\message_buffer>



<AThread code==-1(stm32)>

in line 2420(yaoxuetao's stm32f103)code=-1

<\AThread code==-1(stm32)>



<message_buffer>

in line 2256yaoxuetao's stm32f103

<\message_buffer>



<accept port>

in line 2456graph=(yaoxuetao's stm32f103,43770)

<\accept port>



<accept port>

in line 2487tick=(yaoxuetao's stm32f103,21097)

<\accept port>



<message_buffer>

in line 2256yaoxuetao's stm32f103

<\message_buffer>



<accept port>

in line 2456graph=(yaoxuetao's stm32f103,12721)

<\accept port>



<accept port>

in line 2487tick=(yaoxuetao's stm32f103,47618)

<\accept port>



<message_buffer>

in line 2256yaoxuetao's raspi0

<\message_buffer>



<accept port>

in line 2407data=(yaoxuetao's raspi0,49952)

<\accept port>



<accept port>

in line 2456graph=(yaoxuetao's raspi0,25136)

<\accept port>



<accept port>

in line 2487tick=(yaoxuetao's raspi0,18196)

<\accept port>



<message_buffer>

in line 2256yaoxuetao's raspi1

<\message_buffer>



<accept port>

in line 2407data=(yaoxuetao's raspi1,49954)

<\accept port>

