in line 1778<request>

{"type":"connect","board name":"yaoxuetao's raspi","client name":"Anymous"}

<\request>
in line 1778<request>

{"type":"all faces"}

<\request>
in line 1778<request>

{"type":"delete faces"}

<\request>
in line 1778<request>

{"type":"all faces"}

<\request>
in line 1778<request>

{"type":"all faces"}

<\request>
in line 1778<request>

{"type":"month data","board name":"yaoxuetao's raspi"}

<\request>
in line 1778<request>

{"type":"all faces"}

<\request>
in line 1778<request>

{"type":"all faces"}

<\request>
in line 1778<request>

{"type":"face","time":"Mon May 16 19:27:39 2022"}

<\request>
in line 1778<request>

{"type":"face","time":"Mon May 16 19:27:33 2022"}

<\request>
in line 1778<request>

{"type":"delete face","time":"Mon May 16 19:27:33 2022"}

<\request>
in line 1778<request>

{"type":"connect","board name":"yaoxuetao's raspi","client name":"Anymous"}

<\request>
in line 1778<request>

{"type":"connect","board name":"yaoxuetao's raspi","client name":"Anymous"}

<\request>
in line 1778<request>

{"type":"all faces"}

<\request>
in line 1778<request>

{"type":"delete faces"}

<\request>
in line 1778<request>

{"type":"all faces"}

<\request>
in line 1778<request>

{"type":"face","time":"Mon May 16 19:34:19 2022"}

<\request>
in line 1778<request>

{"type":"delete face","time":"Mon May 16 19:34:19 2022"}

<\request>
in line 1778<request>

{"type":"all faces"}

<\request>
in line 1778<request>

{"type":"delete face","time":"Mon May 16 19:34:19 2022"}

<\request>
in line 1778<request>

{"type":"all faces"}

<\request>
in line 1778<request>

{"type":"connect","board name":"yaoxuetao's raspi","client name":"Anymous"}

<\request>
in line 1778<request>

{"type":"all faces"}

<\request>
in line 1778<request>

{"type":"all faces"}

<\request>
in line 1778<request>

{"type":"month data","board name":"yaoxuetao's raspi"}

<\request>
in line 1778<request>

{"type":"connect","board name":"yaoxuetao's raspi","client name":"Anymous"}

<\request>
in line 1778<request>

{"type":"all faces"}

<\request>
in line 1778<request>

{"type":"all faces"}

<\request>
in line 1778<request>

{"type":"all faces"}

<\request>
in line 1778<request>

{"type":"all faces"}

<\request>
in line 1778<request>

{"type":"connect","board name":"yaoxuetao's raspi","client name":"Anymous"}

<\request>
in line 1778<request>

{"type":"month data","board name":"yaoxuetao's raspi"}

<\request>
in line 1778<request>

{"type":"month data","board name":"yaoxuetao's raspi"}

<\request>
in line 1778<request>

{"type":"month data","board name":"yaoxuetao's raspi"}

<\request>
in line 1778<request>

{"type":"month data","board name":"yaoxuetao's raspi"}

<\request>
in line 1778<request>

{"type":"month data","board name":"yaoxuetao's raspi"}

<\request>
in line 1778<request>

{"type":"month data","board name":"yaoxuetao's raspi"}

<\request>
in line 1778<request>

{"type":"month data","board name":"yaoxuetao's raspi"}

<\request>
in line 1778<request>

{"type":"month data","board name":"yaoxuetao's raspi"}

<\request>
in line 1778<request>

{"type":"all faces"}

<\request>
in line 1778<request>

{"type":"all faces"}

<\request>
in line 1778<request>

{"type":"connect","board name":"yaoxuetao's raspi","client name":"Anymous"}

<\request>
in line 1778<request>

{"type":"all faces"}

<\request>
in line 1778<request>

{"type":"all faces"}

<\request>
in line 1778<request>

{"type":"connect","board name":"yaoxuetao's raspi","client name":"Anymous"}

<\request>
in line 1778<request>

{"type":"all faces"}

<\request>
in line 1778<request>

{"type":"all faces"}

<\request>
in line 1778<request>

{"type":"connect","board name":"yaoxuetao's raspi","client name":"Anymous"}

<\request>
in line 1778<request>

{"type":"all faces"}

<\request>
in line 1778<request>

{"type":"all faces"}

<\request>
in line 1778<request>

{"type":"delete faces"}

<\request>
in line 1778<request>

{"type":"all faces"}

<\request>
in line 1778<request>

{"type":"all faces"}

<\request>
in line 1778<request>

{"type":"all faces"}

<\request>
in line 1778<request>

{"type":"all faces"}

<\request>
in line 1778<request>

{"type":"face","time":"Mon May 16 19:50:22 2022"}

<\request>
in line 1778<request>

{"type":"delete face","time":"Mon May 16 19:50:22 2022"}

<\request>
in line 1778<request>

{"type":"all faces"}

<\request>
in line 1778<request>

{"type":"face","time":"Mon May 16 19:50:28 2022"}

<\request>
in line 1778<request>

{"type":"all faces"}

<\request>
in line 1778<request>

{"type":"delete face","time":"Mon May 16 19:50:28 2022"}

<\request>
in line 1778<request>

{"type":"all faces"}

<\request>
in line 1778<request>

{"type":"all faces"}

<\request>
in line 1778<request>

{"type":"delete face","time":"Mon May 16 19:50:28 2022"}

<\request>
in line 1778<request>

{"type":"all faces"}

<\request>
in line 1778<request>

{"type":"face","time":"Mon May 16 19:50:47 2022"}

<\request>
in line 1778<request>

{"type":"delete face","time":"Mon May 16 19:50:47 2022"}

<\request>
in line 1778<request>

{"type":"all faces"}

<\request>
