in line 1796send err:{"type":"connect","board name":"yaoxuetao's raspi","client name":"Anymous"}
in line 1796send err:{"type":"face"}
in line 1796send err:{"type":"connect","board name":"yaoxuetao's raspi","client name":"Anymous"}
in line 1796send err:{"type":"face","time":"Sun May 15 21:57:21 2022"}
in line 2003file name:/home/yaoxuetao/yaoxuetao's raspi/faces/Sun May 15 21:57:21 2022
in line 2019send err:/home/yaoxuetao/yaoxuetao's raspi/faces/Sun May 15 21:57:21 2022
in line 1796send err:{"type":"connect","board name":"yaoxuetao's raspi","client name":"Anymous"}
in line 1796send err:{"type":"face","time":"Sun May 15 22:11:09 2022"}
in line 2003file name:/home/yaoxuetao/yaoxuetao's raspi/faces/Sun May 15 22:11:09 2022.jpg
in line 1796send err:{"type":"connect","board name":"yaoxuetao's raspi","client name":"Anymous"}
in line 1796send err:{"type":"face","time":"Sun May 15 22:14:26 2022"}
in line 2003file name:/home/yaoxuetao/yaoxuetao's raspi/faces/Sun May 15 22:14:26 2022.jpg
in line 1796send err:{"type":"connect","board name":"yaoxuetao's raspi","client name":"Anymous"}
in line 1796send err:{"type":"face","time":"Sun May 15 22:23:43 2022"}
in line 2003file name:/home/yaoxuetao/yaoxuetao's raspi/faces/Sun May 15 22:23:43 2022.jpg
in line 1796send err:{"type":"connect","board name":"yaoxuetao's raspi","client name":"Anymous"}
in line 1796send err:{"type":"face","time":"Sun May 15 22:31:51 2022"}
in line 2003file name:/home/yaoxuetao/yaoxuetao's raspi/faces/Sun May 15 22:31:51 2022.jpg
in line 1796send err:{"type":"connect","board name":"yaoxuetao's raspi","client name":"Anymous"}
in line 1796send err:{"type":"face","time":"Sun May 15 22:32:37 2022"}
in line 2003file name:/home/yaoxuetao/yaoxuetao's raspi/faces/Sun May 15 22:32:37 2022.jpg
in line 1796send err:{"type":"connect","board name":"yaoxuetao's raspi","client name":"Anymous"}
in line 1796send err:{"type":"connect","board name":"yaoxuetao's raspi","client name":"Anymous"}
in line 1796send err:{"type":"connect","board name":"yaoxuetao's raspi","client name":"Anymous"}
in line 1796send err:{"type":"connect","board name":"yaoxuetao's raspi","client name":"Anymous"}
in line 1796send err:{"type":"face","time":"Mon May 16 00:25:36 2022"}
in line 2003file name:/home/yaoxuetao/yaoxuetao's raspi/faces/Mon May 16 00:25:36 2022.jpg
in line 1796send err:{"type":"connect","board name":"yaoxuetao's raspi","client name":"Anymous"}
in line 1796send err:{"type":"face","time":"Mon May 16 00:27:15 2022"}
in line 2003file name:/home/yaoxuetao/yaoxuetao's raspi/faces/Mon May 16 00:27:15 2022.jpg
in line 1796send err:{"type":"face","time":"Mon May 16 00:27:17 2022"}
in line 2003file name:/home/yaoxuetao/yaoxuetao's raspi/faces/Mon May 16 00:27:17 2022.jpg
in line 1796send err:{"type":"connect","board name":"yaoxuetao's raspi","client name":"Anymous"}
in line 1796send err:{"type":"face","time":"Mon May 16 00:27:44 2022"}
in line 2003file name:/home/yaoxuetao/yaoxuetao's raspi/faces/Mon May 16 00:27:44 2022.jpg
in line 1796send err:{"type":"face","time":"Mon May 16 00:28:00 2022"}
in line 2003file name:/home/yaoxuetao/yaoxuetao's raspi/faces/Mon May 16 00:28:00 2022.jpg
in line 1796send err:{"type":"connect","board name":"yaoxuetao's raspi","client name":"Anymous"}
in line 1796send err:{"type":"face","time":"Mon May 16 00:28:34 2022"}
in line 2003file name:/home/yaoxuetao/yaoxuetao's raspi/faces/Mon May 16 00:28:34 2022.jpg
in line 1796send err:{"type":"connect","board name":"yaoxuetao's raspi","client name":"Anymous"}
in line 1796send err:{"type":"face","time":"Mon May 16 00:30:41 2022"}
in line 2003file name:/home/yaoxuetao/yaoxuetao's raspi/faces/Mon May 16 00:30:41 2022.jpg
in line 1796send err:{"type":"face","time":"Mon May 16 00:30:46 2022"}
in line 2003file name:/home/yaoxuetao/yaoxuetao's raspi/faces/Mon May 16 00:30:46 2022.jpg
in line 1796send err:{"type":"connect","board name":"yaoxuetao's raspi","client name":"Anymous"}
in line 1796send err:{"type":"face","time":"Mon May 16 00:34:28 2022"}
in line 2003file name:/home/yaoxuetao/yaoxuetao's raspi/faces/Mon May 16 00:34:28 2022.jpg
in line 1796send err:{"type":"connect","board name":"yaoxuetao's raspi","client name":"Anymous"}
in line 1796send err:{"type":"connect","board name":"yaoxuetao's raspi","client name":"Anymous"}
in line 1796send err:{"type":"connect","board name":"yaoxuetao's raspi","client name":"Anymous"}
in line 1796send err:{"type":"face","time":"Mon May 16 01:00:30 2022"}
in line 2003file name:/home/yaoxuetao/yaoxuetao's raspi/faces/Mon May 16 01:00:30 2022.jpg
in line 2009len=14787
in line 1796send err:{"type":"face","time":"Mon May 16 01:00:33 2022"}
in line 2003file name:/home/yaoxuetao/yaoxuetao's raspi/faces/Mon May 16 01:00:33 2022.jpg
in line 2009len=14962
in line 1796send err:{"type":"connect","board name":"yaoxuetao's raspi","client name":"Anymous"}
in line 1796send err:{"type":"face","time":"Mon May 16 01:49:23 2022"}
in line 2003file name:/home/yaoxuetao/yaoxuetao's raspi/faces/Mon May 16 01:49:23 2022.jpg
in line 2009len=15932
in line 1796send err:{"type":"face","time":"Mon May 16 01:49:28 2022"}
in line 2003file name:/home/yaoxuetao/yaoxuetao's raspi/faces/Mon May 16 01:49:28 2022.jpg
in line 2009len=15786
in line 1796send err:{"type":"face","time":"Mon May 16 01:49:53 2022"}
in line 2003file name:/home/yaoxuetao/yaoxuetao's raspi/faces/Mon May 16 01:49:53 2022.jpg
in line 2009len=20466
in line 1796send err:{"type":"connect","board name":"yaoxuetao's raspi","client name":"Anymous"}
in line 1796send err:{"type":"connect","board name":"yaoxuetao's stm32f103","client name":"Anymous"}
in line 1796send err:{"type":"face","time":"Mon May 16 03:52:46 2022"}
in line 2003file name:/home/yaoxuetao/yaoxuetao's stm32f103/faces/Mon May 16 03:52:46 2022.jpg
in line 2009len=14809
in line 1796send err:{"type":"face","time":"Mon May 16 03:53:48 2022"}
in line 2003file name:/home/yaoxuetao/yaoxuetao's stm32f103/faces/Mon May 16 03:53:48 2022.jpg
in line 2009len=19621
in line 1796send err:{"type":"face","time":"Mon May 16 03:54:54 2022"}
in line 2003file name:/home/yaoxuetao/yaoxuetao's stm32f103/faces/Mon May 16 03:54:54 2022.jpg
in line 2009len=18942
in line 1796send err:{"type":"connect","board name":"yaoxuetao's raspi","client name":"Anymous"}
in line 1796send err:{"type":"face","time":"Mon May 16 03:56:06 2022"}
in line 2003file name:/home/yaoxuetao/yaoxuetao's raspi/faces/Mon May 16 03:56:06 2022.jpg
in line 2009len=12643
in line 1796send err:{"type":"connect","board name":"yaoxuetao's stm32f103","client name":"Anymous"}
in line 1796send err:{"type":"connect","board name":"yaoxuetao's stm32f103","client name":"Anymous"}
in line 1796send err:{"type":"connect","board name":"yaoxuetao's raspi","client name":"Anymous"}
in line 1796send err:{"type":"connect","board name":"yaoxuetao's stm32f103","client name":"Anymous"}
in line 1796send err:{"type":"connect","board name":"yaoxuetao's raspi","client name":"Anymous"}
in line 1796send err:{"type":"connect","board name":"yaoxuetao's stm32f103","client name":"Anymous"}
in line 1796send err:{"type":"connect","board name":"yaoxuetao's raspi","client name":"Anymous"}
in line 1796send err:{"type":"face","time":"Mon May 16 04:02:30 2022"}
in line 2003file name:/home/yaoxuetao/yaoxuetao's raspi/faces/Mon May 16 04:02:30 2022.jpg
in line 2009len=12616
in line 1796send err:{"type":"connect","board name":"yaoxuetao's stm32f103","client name":"Anymous"}
