

<delete>

in line 2079in delete all

<\delete>



<rm>

in line 56rm "/home/yaoxuetao/yaoxuetao's raspi/faces"/*

<\rm>



<delete>

in line 2084in delete

<\delete>



<rm>

in line 63rm "/home/yaoxuetao/yaoxuetao's raspi/faces/Mon May 16 19:50:22 2022.jpg "

<\rm>



<delete>

in line 2084in delete

<\delete>



<rm>

in line 63rm "/home/yaoxuetao/yaoxuetao's raspi/faces/Mon May 16 19:50:28 2022.jpg "

<\rm>



<delete>

in line 2084in delete

<\delete>



<rm>

in line 63rm "/home/yaoxuetao/yaoxuetao's raspi/faces/Mon May 16 19:50:28 2022.jpg "

<\rm>



<delete>

in line 2084in delete

<\delete>



<rm>

in line 63rm "/home/yaoxuetao/yaoxuetao's raspi/faces/Mon May 16 19:50:47 2022.jpg "

<\rm>

