

<normal>

in line 22src = /home/yaoxuetao/yaoxuetao's raspi1/photos/Sun May 29 15:51:50 2022,dest=/home/yaoxuetao/yaoxuetao's raspi1/faces/Sun May 29 15:51:50 2022.jpg

<\normal>

in line 25in opencv
in line 27in opencv 


<normal>

in line 22src = /home/yaoxuetao/yaoxuetao's raspi0/photos/Sun May 29 15:51:50 2022,dest=/home/yaoxuetao/yaoxuetao's raspi0/faces/Sun May 29 15:51:50 2022.jpg

<\normal>

in line 25in opencv
in line 27in opencv 


<normal>

in line 22src = /home/yaoxuetao/yaoxuetao's raspi2/photos/Sun May 29 15:51:50 2022,dest=/home/yaoxuetao/yaoxuetao's raspi2/faces/Sun May 29 15:51:50 2022.jpg

<\normal>

in line 25in opencv
in line 27in opencv 


<normal>

in line 22src = /home/yaoxuetao/yaoxuetao's raspi5/photos/Sun May 29 15:51:50 2022,dest=/home/yaoxuetao/yaoxuetao's raspi5/faces/Sun May 29 15:51:50 2022.jpg

<\normal>

in line 25in opencv
in line 27in opencv 


<normal>

in line 22src = /home/yaoxuetao/yaoxuetao's raspi8/photos/Sun May 29 15:51:50 2022,dest=/home/yaoxuetao/yaoxuetao's raspi8/faces/Sun May 29 15:51:50 2022.jpg

<\normal>

in line 25in opencv
in line 27in opencv 


<normal>

in line 22src = /home/yaoxuetao/yaoxuetao's raspi28/photos/Sun May 29 15:51:50 2022,dest=/home/yaoxuetao/yaoxuetao's raspi28/faces/Sun May 29 15:51:50 2022.jpg

<\normal>

in line 25in opencv
in line 27in opencv 


<normal>

in line 22src = /home/yaoxuetao/yaoxuetao's raspi23/photos/Sun May 29 15:51:50 2022,dest=/home/yaoxuetao/yaoxuetao's raspi23/faces/Sun May 29 15:51:50 2022.jpg

<\normal>

in line 25in opencv
in line 27in opencv 


<normal>

in line 22src = /home/yaoxuetao/yaoxuetao's raspi16/photos/Sun May 29 15:51:50 2022,dest=/home/yaoxuetao/yaoxuetao's raspi16/faces/Sun May 29 15:51:50 2022.jpg

<\normal>

in line 25in opencv
in line 27in opencv 


<normal>

in line 22src = /home/yaoxuetao/yaoxuetao's raspi27/photos/Sun May 29 15:51:50 2022,dest=/home/yaoxuetao/yaoxuetao's raspi27/faces/Sun May 29 15:51:50 2022.jpg

<\normal>

in line 25in opencv
in line 27in opencv 


<normal>

in line 22src = /home/yaoxuetao/yaoxuetao's raspi22/photos/Sun May 29 15:51:51 2022,dest=/home/yaoxuetao/yaoxuetao's raspi22/faces/Sun May 29 15:51:51 2022.jpg

<\normal>

in line 25in opencv
in line 27in opencv 


<normal>

in line 22src = /home/yaoxuetao/yaoxuetao's raspi48/photos/Sun May 29 15:51:51 2022,dest=/home/yaoxuetao/yaoxuetao's raspi48/faces/Sun May 29 15:51:51 2022.jpg

<\normal>

in line 25in opencv
in line 27in opencv 


<normal>

in line 22src = /home/yaoxuetao/yaoxuetao's raspi60/photos/Sun May 29 15:51:51 2022,dest=/home/yaoxuetao/yaoxuetao's raspi60/faces/Sun May 29 15:51:51 2022.jpg

<\normal>

in line 25in opencv
in line 27in opencv 


<normal>

in line 22src = /home/yaoxuetao/yaoxuetao's raspi10/photos/Sun May 29 15:51:51 2022,dest=/home/yaoxuetao/yaoxuetao's raspi10/faces/Sun May 29 15:51:51 2022.jpg

<\normal>

in line 25in opencv
in line 27in opencv 


<normal>

in line 22src = /home/yaoxuetao/yaoxuetao's raspi9/photos/Sun May 29 15:51:51 2022,dest=/home/yaoxuetao/yaoxuetao's raspi9/faces/Sun May 29 15:51:51 2022.jpg

<\normal>

in line 25in opencv
in line 27in opencv 


<normal>

in line 22src = /home/yaoxuetao/yaoxuetao's raspi14/photos/Sun May 29 15:51:51 2022,dest=/home/yaoxuetao/yaoxuetao's raspi14/faces/Sun May 29 15:51:51 2022.jpg

<\normal>

in line 25in opencv
in line 27in opencv 
