

<para>

in line 1114high_temp=30.000000,high_humi=90.000000

<\para>



<data>

in line 1174recv temp = 28.9;humi = 87.0


<\data>



<data>

in line 1174recv temp = 29.0;humi = 88.0


<\data>



<data>

in line 1174recv temp = 28.8;humi = 88.0


<\data>



<data>

in line 1174recv temp = 28.8;humi = 88.0


<\data>



<data>

in line 1174recv temp = 28.8;humi = 88.0


<\data>



<data>

in line 1174recv temp = 28.8;humi = 87.0


<\data>



<data>

in line 1174recv temp = 28.9;humi = 87.0


<\data>



<len rectify>

in line 1301stm32 recv graph len != 153666:len=-950876334

<\len rectify>



<para>

in line 1114high_temp=30.000000,high_humi=90.000000

<\para>



<data>

in line 1174recv temp = 28.5;humi = 80.0


<\data>



<len rectify>

in line 1339stm32 recv graph<153666:n=12866

<\len rectify>



<para>

in line 1114high_temp=30.000000,high_humi=90.000000

<\para>



<data>

in line 1174recv temp = 29.0;humi = 83.0


<\data>



<data>

in line 1174recv temp = 29.0;humi = 84.0


<\data>



<data>

in line 1174recv temp = 29.1;humi = 84.0


<\data>



<data>

in line 1174recv temp = 29.1;humi = 85.0


<\data>



<data>

in line 1174recv temp = 28.9;humi = 84.0


<\data>



<data>

in line 1174recv temp = 29.2;humi = 85.0


<\data>



<data>

in line 1174recv temp = 29.2;humi = 86.0


<\data>



<data>

in line 1174recv temp = 29.2;humi = 86.0


<\data>



<data>

in line 1174recv temp = 29.3;humi = 86.0


<\data>



<data>

in line 1174recv temp = 29.3;humi = 86.0


<\data>



<data>

in line 1174recv temp = 29.4;humi = 86.0


<\data>



<data>

in line 1174recv temp = 29.4;humi = 86.0


<\data>



<data>

in line 1174recv temp = 29.2;humi = 87.0


<\data>



<data>

in line 1174recv temp = 29.1;humi = 87.0


<\data>



<data>

in line 1174recv temp = 29.1;humi = 87.0


<\data>



<data>

in line 1174recv temp = 29.0;humi = 87.0


<\data>



<data>

in line 1174recv temp = 29.1;humi = 87.0


<\data>



<data>

in line 1174recv temp = 28.9;humi = 86.0


<\data>



<data>

in line 1174recv temp = 28.9;humi = 86.0


<\data>



<data>

in line 1174recv temp = 28.9;humi = 87.0


<\data>



<data>

in line 1174recv temp = 28.8;humi = 87.0


<\data>



<data>

in line 1174recv temp = 28.8;humi = 87.0


<\data>



<data>

in line 1174recv temp = 28.8;humi = 87.0


<\data>



<data>

in line 1174recv temp = 28.8;humi = 86.0


<\data>



<data>

in line 1174recv temp = 28.8;humi = 86.0


<\data>



<data>

in line 1174recv temp = 28.8;humi = 86.0


<\data>



<data>

in line 1174recv temp = 28.9;humi = 86.0


<\data>



<data>

in line 1174recv temp = 28.8;humi = 86.0


<\data>



<data>

in line 1174recv temp = 28.8;humi = 86.0


<\data>



<data>

in line 1174recv temp = 28.8;humi = 86.0


<\data>



<data>

in line 1174recv temp = 28.8;humi = 86.0


<\data>



<data>

in line 1174recv temp = 28.8;humi = 86.0


<\data>



<data>

in line 1174recv temp = 28.9;humi = 85.0


<\data>



<data>

in line 1174recv temp = 28.9;humi = 85.0


<\data>



<data>

in line 1174recv temp = 29.0;humi = 86.0


<\data>



<data>

in line 1174recv temp = 28.9;humi = 85.0


<\data>



<data>

in line 1174recv temp = 28.9;humi = 85.0


<\data>



<data>

in line 1174recv temp = 28.9;humi = 85.0


<\data>



<data>

in line 1174recv temp = 28.9;humi = 85.0


<\data>



<data>

in line 1174recv temp = 28.9;humi = 85.0


<\data>



<len rectify>

in line 1339stm32 recv graph<153666:n=147266

<\len rectify>

